{"numFailedTestSuites":0,"numFailedTests":0,"numPassedTestSuites":26,"numPassedTests":104,"numPendingTestSuites":0,"numPendingTests":0,"numRuntimeErrorTestSuites":0,"numTodoTests":0,"numTotalTestSuites":26,"numTotalTests":104,"openHandles":[],"snapshot":{"added":0,"didUpdate":false,"failure":false,"filesAdded":0,"filesRemoved":0,"filesRemovedList":[],"filesUnmatched":0,"filesUpdated":0,"matched":0,"total":0,"unchecked":0,"uncheckedKeysByFile":[],"unmatched":0,"updated":0},"startTime":1752952479287,"success":true,"testResults":[{"assertionResults":[{"ancestorTitles":["Slow 800ms Tests"],"duration":205,"failureDetails":[],"failureMessages":[],"fullName":"Slow 800ms Tests slow-medium test 1","invocations":1,"location":{"column":3,"line":2},"numPassingAsserts":1,"retryReasons":[],"status":"passed","title":"slow-medium test 1"},{"ancestorTitles":["Slow 800ms Tests"],"duration":201,"failureDetails":[],"failureMessages":[],"fullName":"Slow 800ms Tests slow-medium test 2","invocations":1,"location":{"column":3,"line":7},"numPassingAsserts":1,"retryReasons":[],"status":"passed","title":"slow-medium test 2"},{"ancestorTitles":["Slow 800ms Tests"],"duration":203,"failureDetails":[],"failureMessages":[],"fullName":"Slow 800ms Tests slow-medium test 3","invocations":1,"location":{"column":3,"line":12},"numPassingAsserts":1,"retryReasons":[],"status":"passed","title":"slow-medium test 3"},{"ancestorTitles":["Slow 800ms Tests"],"duration":202,"failureDetails":[],"failureMessages":[],"fullName":"Slow 800ms Tests slow-medium test 4","invocations":1,"location":{"column":3,"line":17},"numPassingAsserts":1,"retryReasons":[],"status":"passed","title":"slow-medium test 4"}],"endTime":1752952480673,"message":"","name":"/Users/minjunseong/Practice/IT-RWX/tests/test-800ms.test.js","startTime":1752952479446,"status":"passed","summary":""},{"assertionResults":[{"ancestorTitles":["Very Slow 1500ms Tests"],"duration":382,"failureDetails":[],"failureMessages":[],"fullName":"Very Slow 1500ms Tests extra slow test 1","invocations":1,"location":{"column":3,"line":2},"numPassingAsserts":1,"retryReasons":[],"status":"passed","title":"extra slow test 1"},{"ancestorTitles":["Very Slow 1500ms Tests"],"duration":376,"failureDetails":[],"failureMessages":[],"fullName":"Very Slow 1500ms Tests extra slow test 2","invocations":1,"location":{"column":3,"line":7},"numPassingAsserts":1,"retryReasons":[],"status":"passed","title":"extra slow test 2"},{"ancestorTitles":["Very Slow 1500ms Tests"],"duration":377,"failureDetails":[],"failureMessages":[],"fullName":"Very Slow 1500ms Tests extra slow test 3","invocations":1,"location":{"column":3,"line":12},"numPassingAsserts":1,"retryReasons":[],"status":"passed","title":"extra slow test 3"},{"ancestorTitles":["Very Slow 1500ms Tests"],"duration":377,"failureDetails":[],"failureMessages":[],"fullName":"Very Slow 1500ms Tests extra slow test 4","invocations":1,"location":{"column":3,"line":17},"numPassingAsserts":1,"retryReasons":[],"status":"passed","title":"extra slow test 4"}],"endTime":1752952481372,"message":"","name":"/Users/minjunseong/Practice/IT-RWX/tests/test-1500ms.test.js","startTime":1752952479446,"status":"passed","summary":""},{"assertionResults":[{"ancestorTitles":["Extra-Slow 1800ms Tests"],"duration":456,"failureDetails":[],"failureMessages":[],"fullName":"Extra-Slow 1800ms Tests extra-slow test 1","invocations":1,"location":{"column":3,"line":2},"numPassingAsserts":1,"retryReasons":[],"status":"passed","title":"extra-slow test 1"},{"ancestorTitles":["Extra-Slow 1800ms Tests"],"duration":452,"failureDetails":[],"failureMessages":[],"fullName":"Extra-Slow 1800ms Tests extra-slow test 2","invocations":1,"location":{"column":3,"line":7},"numPassingAsserts":1,"retryReasons":[],"status":"passed","title":"extra-slow test 2"},{"ancestorTitles":["Extra-Slow 1800ms Tests"],"duration":453,"failureDetails":[],"failureMessages":[],"fullName":"Extra-Slow 1800ms Tests extra-slow test 3","invocations":1,"location":{"column":3,"line":12},"numPassingAsserts":1,"retryReasons":[],"status":"passed","title":"extra-slow test 3"},{"ancestorTitles":["Extra-Slow 1800ms Tests"],"duration":452,"failureDetails":[],"failureMessages":[],"fullName":"Extra-Slow 1800ms Tests extra-slow test 4","invocations":1,"location":{"column":3,"line":17},"numPassingAsserts":1,"retryReasons":[],"status":"passed","title":"extra-slow test 4"}],"endTime":1752952481672,"message":"","name":"/Users/minjunseong/Practice/IT-RWX/tests/test-1800ms.test.js","startTime":1752952479446,"status":"passed","summary":""},{"assertionResults":[{"ancestorTitles":["Very Slow 2000ms Tests"],"duration":505,"failureDetails":[],"failureMessages":[],"fullName":"Very Slow 2000ms Tests very slow test 1","invocations":1,"location":{"column":3,"line":2},"numPassingAsserts":1,"retryReasons":[],"status":"passed","title":"very slow test 1"},{"ancestorTitles":["Very Slow 2000ms Tests"],"duration":501,"failureDetails":[],"failureMessages":[],"fullName":"Very Slow 2000ms Tests very slow test 2","invocations":1,"location":{"column":3,"line":7},"numPassingAsserts":1,"retryReasons":[],"status":"passed","title":"very slow test 2"},{"ancestorTitles":["Very Slow 2000ms Tests"],"duration":502,"failureDetails":[],"failureMessages":[],"fullName":"Very Slow 2000ms Tests very slow test 3","invocations":1,"location":{"column":3,"line":12},"numPassingAsserts":1,"retryReasons":[],"status":"passed","title":"very slow test 3"},{"ancestorTitles":["Very Slow 2000ms Tests"],"duration":501,"failureDetails":[],"failureMessages":[],"fullName":"Very Slow 2000ms Tests very slow test 4","invocations":1,"location":{"column":3,"line":17},"numPassingAsserts":1,"retryReasons":[],"status":"passed","title":"very slow test 4"}],"endTime":1752952481869,"message":"","name":"/Users/minjunseong/Practice/IT-RWX/tests/test-2000ms.test.js","startTime":1752952479447,"status":"passed","summary":""},{"assertionResults":[{"ancestorTitles":["Slow-Plus 1200ms Tests"],"duration":302,"failureDetails":[],"failureMessages":[],"fullName":"Slow-Plus 1200ms Tests slow-plus test 1","invocations":1,"location":{"column":3,"line":2},"numPassingAsserts":1,"retryReasons":[],"status":"passed","title":"slow-plus test 1"},{"ancestorTitles":["Slow-Plus 1200ms Tests"],"duration":302,"failureDetails":[],"failureMessages":[],"fullName":"Slow-Plus 1200ms Tests slow-plus test 2","invocations":1,"location":{"column":3,"line":7},"numPassingAsserts":1,"retryReasons":[],"status":"passed","title":"slow-plus test 2"},{"ancestorTitles":["Slow-Plus 1200ms Tests"],"duration":303,"failureDetails":[],"failureMessages":[],"fullName":"Slow-Plus 1200ms Tests slow-plus test 3","invocations":1,"location":{"column":3,"line":12},"numPassingAsserts":1,"retryReasons":[],"status":"passed","title":"slow-plus test 3"},{"ancestorTitles":["Slow-Plus 1200ms Tests"],"duration":302,"failureDetails":[],"failureMessages":[],"fullName":"Slow-Plus 1200ms Tests slow-plus test 4","invocations":1,"location":{"column":3,"line":17},"numPassingAsserts":1,"retryReasons":[],"status":"passed","title":"slow-plus test 4"}],"endTime":1752952481939,"message":"","name":"/Users/minjunseong/Practice/IT-RWX/tests/test-1200ms.test.js","startTime":1752952480681,"status":"passed","summary":""},{"assertionResults":[{"ancestorTitles":["Extra Slow 2500ms Tests"],"duration":629,"failureDetails":[],"failureMessages":[],"fullName":"Extra Slow 2500ms Tests extra slow test 1","invocations":1,"location":{"column":3,"line":2},"numPassingAsserts":1,"retryReasons":[],"status":"passed","title":"extra slow test 1"},{"ancestorTitles":["Extra Slow 2500ms Tests"],"duration":626,"failureDetails":[],"failureMessages":[],"fullName":"Extra Slow 2500ms Tests extra slow test 2","invocations":1,"location":{"column":3,"line":7},"numPassingAsserts":1,"retryReasons":[],"status":"passed","title":"extra slow test 2"},{"ancestorTitles":["Extra Slow 2500ms Tests"],"duration":627,"failureDetails":[],"failureMessages":[],"fullName":"Extra Slow 2500ms Tests extra slow test 3","invocations":1,"location":{"column":3,"line":12},"numPassingAsserts":1,"retryReasons":[],"status":"passed","title":"extra slow test 3"},{"ancestorTitles":["Extra Slow 2500ms Tests"],"duration":626,"failureDetails":[],"failureMessages":[],"fullName":"Extra Slow 2500ms Tests extra slow test 4","invocations":1,"location":{"column":3,"line":17},"numPassingAsserts":1,"retryReasons":[],"status":"passed","title":"extra slow test 4"}],"endTime":1752952482369,"message":"","name":"/Users/minjunseong/Practice/IT-RWX/tests/test-2500ms.test.js","startTime":1752952479446,"status":"passed","summary":""},{"assertionResults":[{"ancestorTitles":["Medium-Slow 700ms Tests"],"duration":176,"failureDetails":[],"failureMessages":[],"fullName":"Medium-Slow 700ms Tests medium-slow test 1","invocations":1,"location":{"column":3,"line":2},"numPassingAsserts":1,"retryReasons":[],"status":"passed","title":"medium-slow test 1"},{"ancestorTitles":["Medium-Slow 700ms Tests"],"duration":176,"failureDetails":[],"failureMessages":[],"fullName":"Medium-Slow 700ms Tests medium-slow test 2","invocations":1,"location":{"column":3,"line":7},"numPassingAsserts":1,"retryReasons":[],"status":"passed","title":"medium-slow test 2"},{"ancestorTitles":["Medium-Slow 700ms Tests"],"duration":176,"failureDetails":[],"failureMessages":[],"fullName":"Medium-Slow 700ms Tests medium-slow test 3","invocations":1,"location":{"column":3,"line":12},"numPassingAsserts":1,"retryReasons":[],"status":"passed","title":"medium-slow test 3"},{"ancestorTitles":["Medium-Slow 700ms Tests"],"duration":177,"failureDetails":[],"failureMessages":[],"fullName":"Medium-Slow 700ms Tests medium-slow test 4","invocations":1,"location":{"column":3,"line":17},"numPassingAsserts":1,"retryReasons":[],"status":"passed","title":"medium-slow test 4"}],"endTime":1752952482415,"message":"","name":"/Users/minjunseong/Practice/IT-RWX/tests/test-700ms.test.js","startTime":1752952481677,"status":"passed","summary":""},{"assertionResults":[{"ancestorTitles":["Slow 1000ms Tests"],"duration":253,"failureDetails":[],"failureMessages":[],"fullName":"Slow 1000ms Tests slow test 1","invocations":1,"location":{"column":3,"line":2},"numPassingAsserts":1,"retryReasons":[],"status":"passed","title":"slow test 1"},{"ancestorTitles":["Slow 1000ms Tests"],"duration":251,"failureDetails":[],"failureMessages":[],"fullName":"Slow 1000ms Tests slow test 2","invocations":1,"location":{"column":3,"line":7},"numPassingAsserts":1,"retryReasons":[],"status":"passed","title":"slow test 2"},{"ancestorTitles":["Slow 1000ms Tests"],"duration":252,"failureDetails":[],"failureMessages":[],"fullName":"Slow 1000ms Tests slow test 3","invocations":1,"location":{"column":3,"line":12},"numPassingAsserts":1,"retryReasons":[],"status":"passed","title":"slow test 3"},{"ancestorTitles":["Slow 1000ms Tests"],"duration":252,"failureDetails":[],"failureMessages":[],"fullName":"Slow 1000ms Tests slow test 4","invocations":1,"location":{"column":3,"line":17},"numPassingAsserts":1,"retryReasons":[],"status":"passed","title":"slow test 4"}],"endTime":1752952482419,"message":"","name":"/Users/minjunseong/Practice/IT-RWX/tests/test-1000ms.test.js","startTime":1752952481377,"status":"passed","summary":""},{"assertionResults":[{"ancestorTitles":["Medium 500ms Tests"],"duration":121,"failureDetails":[],"failureMessages":[],"fullName":"Medium 500ms Tests medium test 1","invocations":1,"location":{"column":3,"line":2},"numPassingAsserts":1,"retryReasons":[],"status":"passed","title":"medium test 1"},{"ancestorTitles":["Medium 500ms Tests"],"duration":132,"failureDetails":[],"failureMessages":[],"fullName":"Medium 500ms Tests medium test 2","invocations":1,"location":{"column":3,"line":7},"numPassingAsserts":1,"retryReasons":[],"status":"passed","title":"medium test 2"},{"ancestorTitles":["Medium 500ms Tests"],"duration":126,"failureDetails":[],"failureMessages":[],"fullName":"Medium 500ms Tests medium test 3","invocations":1,"location":{"column":3,"line":12},"numPassingAsserts":1,"retryReasons":[],"status":"passed","title":"medium test 3"},{"ancestorTitles":["Medium 500ms Tests"],"duration":127,"failureDetails":[],"failureMessages":[],"fullName":"Medium 500ms Tests medium test 4","invocations":1,"location":{"column":3,"line":17},"numPassingAsserts":1,"retryReasons":[],"status":"passed","title":"medium test 4"}],"endTime":1752952482472,"message":"","name":"/Users/minjunseong/Practice/IT-RWX/tests/test-500ms.test.js","startTime":1752952481941,"status":"passed","summary":""},{"assertionResults":[{"ancestorTitles":["Medium 600ms Tests"],"duration":152,"failureDetails":[],"failureMessages":[],"fullName":"Medium 600ms Tests medium-slow test 1","invocations":1,"location":{"column":3,"line":2},"numPassingAsserts":1,"retryReasons":[],"status":"passed","title":"medium-slow test 1"},{"ancestorTitles":["Medium 600ms Tests"],"duration":152,"failureDetails":[],"failureMessages":[],"fullName":"Medium 600ms Tests medium-slow test 2","invocations":1,"location":{"column":3,"line":7},"numPassingAsserts":1,"retryReasons":[],"status":"passed","title":"medium-slow test 2"},{"ancestorTitles":["Medium 600ms Tests"],"duration":152,"failureDetails":[],"failureMessages":[],"fullName":"Medium 600ms Tests medium-slow test 3","invocations":1,"location":{"column":3,"line":12},"numPassingAsserts":1,"retryReasons":[],"status":"passed","title":"medium-slow test 3"},{"ancestorTitles":["Medium 600ms Tests"],"duration":152,"failureDetails":[],"failureMessages":[],"fullName":"Medium 600ms Tests medium-slow test 4","invocations":1,"location":{"column":3,"line":17},"numPassingAsserts":1,"retryReasons":[],"status":"passed","title":"medium-slow test 4"}],"endTime":1752952482513,"message":"","name":"/Users/minjunseong/Practice/IT-RWX/tests/test-600ms.test.js","startTime":1752952481873,"status":"passed","summary":""},{"assertionResults":[{"ancestorTitles":["Fast 100ms Tests"],"duration":22,"failureDetails":[],"failureMessages":[],"fullName":"Fast 100ms Tests quick test 1","invocations":1,"location":{"column":3,"line":2},"numPassingAsserts":1,"retryReasons":[],"status":"passed","title":"quick test 1"},{"ancestorTitles":["Fast 100ms Tests"],"duration":26,"failureDetails":[],"failureMessages":[],"fullName":"Fast 100ms Tests quick test 2","invocations":1,"location":{"column":3,"line":7},"numPassingAsserts":1,"retryReasons":[],"status":"passed","title":"quick test 2"},{"ancestorTitles":["Fast 100ms Tests"],"duration":32,"failureDetails":[],"failureMessages":[],"fullName":"Fast 100ms Tests quick test 3","invocations":1,"location":{"column":3,"line":12},"numPassingAsserts":1,"retryReasons":[],"status":"passed","title":"quick test 3"},{"ancestorTitles":["Fast 100ms Tests"],"duration":26,"failureDetails":[],"failureMessages":[],"fullName":"Fast 100ms Tests quick test 4","invocations":1,"location":{"column":3,"line":17},"numPassingAsserts":1,"retryReasons":[],"status":"passed","title":"quick test 4"}],"endTime":1752952482549,"message":"","name":"/Users/minjunseong/Practice/IT-RWX/tests/test-100ms.test.js","startTime":1752952482421,"status":"passed","summary":""},{"assertionResults":[{"ancestorTitles":["Very Fast 50ms Tests"],"duration":11,"failureDetails":[],"failureMessages":[],"fullName":"Very Fast 50ms Tests very quick test 1","invocations":1,"location":{"column":3,"line":2},"numPassingAsserts":1,"retryReasons":[],"status":"passed","title":"very quick test 1"},{"ancestorTitles":["Very Fast 50ms Tests"],"duration":11,"failureDetails":[],"failureMessages":[],"fullName":"Very Fast 50ms Tests very quick test 2","invocations":1,"location":{"column":3,"line":7},"numPassingAsserts":1,"retryReasons":[],"status":"passed","title":"very quick test 2"},{"ancestorTitles":["Very Fast 50ms Tests"],"duration":16,"failureDetails":[],"failureMessages":[],"fullName":"Very Fast 50ms Tests very quick test 3","invocations":1,"location":{"column":3,"line":12},"numPassingAsserts":1,"retryReasons":[],"status":"passed","title":"very quick test 3"},{"ancestorTitles":["Very Fast 50ms Tests"],"duration":16,"failureDetails":[],"failureMessages":[],"fullName":"Very Fast 50ms Tests very quick test 4","invocations":1,"location":{"column":3,"line":17},"numPassingAsserts":1,"retryReasons":[],"status":"passed","title":"very quick test 4"}],"endTime":1752952482552,"message":"","name":"/Users/minjunseong/Practice/IT-RWX/tests/test-50ms.test.js","startTime":1752952482475,"status":"passed","summary":""},{"assertionResults":[{"ancestorTitles":["Super Fast 10ms Tests"],"duration":12,"failureDetails":[],"failureMessages":[],"fullName":"Super Fast 10ms Tests rocket test 1","invocations":1,"location":{"column":3,"line":2},"numPassingAsserts":1,"retryReasons":[],"status":"passed","title":"rocket test 1"},{"ancestorTitles":["Super Fast 10ms Tests"],"duration":11,"failureDetails":[],"failureMessages":[],"fullName":"Super Fast 10ms Tests rocket test 2","invocations":1,"location":{"column":3,"line":7},"numPassingAsserts":1,"retryReasons":[],"status":"passed","title":"rocket test 2"},{"ancestorTitles":["Super Fast 10ms Tests"],"duration":12,"failureDetails":[],"failureMessages":[],"fullName":"Super Fast 10ms Tests rocket test 3","invocations":1,"location":{"column":3,"line":12},"numPassingAsserts":1,"retryReasons":[],"status":"passed","title":"rocket test 3"},{"ancestorTitles":["Super Fast 10ms Tests"],"duration":11,"failureDetails":[],"failureMessages":[],"fullName":"Super Fast 10ms Tests rocket test 4","invocations":1,"location":{"column":3,"line":17},"numPassingAsserts":1,"retryReasons":[],"status":"passed","title":"rocket test 4"}],"endTime":1752952482581,"message":"","name":"/Users/minjunseong/Practice/IT-RWX/tests/test-10ms.test.js","startTime":1752952482515,"status":"passed","summary":""},{"assertionResults":[{"ancestorTitles":["Ultra Fast 5ms Tests"],"duration":6,"failureDetails":[],"failureMessages":[],"fullName":"Ultra Fast 5ms Tests blazing test 1","invocations":1,"location":{"column":3,"line":2},"numPassingAsserts":1,"retryReasons":[],"status":"passed","title":"blazing test 1"},{"ancestorTitles":["Ultra Fast 5ms Tests"],"duration":6,"failureDetails":[],"failureMessages":[],"fullName":"Ultra Fast 5ms Tests blazing test 2","invocations":1,"location":{"column":3,"line":7},"numPassingAsserts":1,"retryReasons":[],"status":"passed","title":"blazing test 2"},{"ancestorTitles":["Ultra Fast 5ms Tests"],"duration":5,"failureDetails":[],"failureMessages":[],"fullName":"Ultra Fast 5ms Tests blazing test 3","invocations":1,"location":{"column":3,"line":12},"numPassingAsserts":1,"retryReasons":[],"status":"passed","title":"blazing test 3"},{"ancestorTitles":["Ultra Fast 5ms Tests"],"duration":5,"failureDetails":[],"failureMessages":[],"fullName":"Ultra Fast 5ms Tests blazing test 4","invocations":1,"location":{"column":3,"line":17},"numPassingAsserts":1,"retryReasons":[],"status":"passed","title":"blazing test 4"}],"endTime":1752952482596,"message":"","name":"/Users/minjunseong/Practice/IT-RWX/tests/test-5ms.test.js","startTime":1752952482554,"status":"passed","summary":""},{"assertionResults":[{"ancestorTitles":["Fast 150ms Tests"],"duration":38,"failureDetails":[],"failureMessages":[],"fullName":"Fast 150ms Tests quick-medium test 1","invocations":1,"location":{"column":3,"line":2},"numPassingAsserts":1,"retryReasons":[],"status":"passed","title":"quick-medium test 1"},{"ancestorTitles":["Fast 150ms Tests"],"duration":40,"failureDetails":[],"failureMessages":[],"fullName":"Fast 150ms Tests quick-medium test 2","invocations":1,"location":{"column":3,"line":7},"numPassingAsserts":1,"retryReasons":[],"status":"passed","title":"quick-medium test 2"},{"ancestorTitles":["Fast 150ms Tests"],"duration":38,"failureDetails":[],"failureMessages":[],"fullName":"Fast 150ms Tests quick-medium test 3","invocations":1,"location":{"column":3,"line":12},"numPassingAsserts":1,"retryReasons":[],"status":"passed","title":"quick-medium test 3"},{"ancestorTitles":["Fast 150ms Tests"],"duration":39,"failureDetails":[],"failureMessages":[],"fullName":"Fast 150ms Tests quick-medium test 4","invocations":1,"location":{"column":3,"line":17},"numPassingAsserts":1,"retryReasons":[],"status":"passed","title":"quick-medium test 4"}],"endTime":1752952482596,"message":"","name":"/Users/minjunseong/Practice/IT-RWX/tests/test-150ms.test.js","startTime":1752952482417,"status":"passed","summary":""},{"assertionResults":[{"ancestorTitles":["Super Fast 25ms Tests"],"duration":7,"failureDetails":[],"failureMessages":[],"fullName":"Super Fast 25ms Tests instant test 1","invocations":1,"location":{"column":3,"line":2},"numPassingAsserts":1,"retryReasons":[],"status":"passed","title":"instant test 1"},{"ancestorTitles":["Super Fast 25ms Tests"],"duration":7,"failureDetails":[],"failureMessages":[],"fullName":"Super Fast 25ms Tests instant test 2","invocations":1,"location":{"column":3,"line":7},"numPassingAsserts":1,"retryReasons":[],"status":"passed","title":"instant test 2"},{"ancestorTitles":["Super Fast 25ms Tests"],"duration":7,"failureDetails":[],"failureMessages":[],"fullName":"Super Fast 25ms Tests instant test 3","invocations":1,"location":{"column":3,"line":12},"numPassingAsserts":1,"retryReasons":[],"status":"passed","title":"instant test 3"},{"ancestorTitles":["Super Fast 25ms Tests"],"duration":7,"failureDetails":[],"failureMessages":[],"fullName":"Super Fast 25ms Tests instant test 4","invocations":1,"location":{"column":3,"line":17},"numPassingAsserts":1,"retryReasons":[],"status":"passed","title":"instant test 4"}],"endTime":1752952482597,"message":"","name":"/Users/minjunseong/Practice/IT-RWX/tests/test-25ms.test.js","startTime":1752952482551,"status":"passed","summary":""},{"assertionResults":[{"ancestorTitles":["Ultra Fast 1ms Tests"],"duration":1,"failureDetails":[],"failureMessages":[],"fullName":"Ultra Fast 1ms Tests lightning test 1","invocations":1,"location":{"column":3,"line":2},"numPassingAsserts":1,"retryReasons":[],"status":"passed","title":"lightning test 1"},{"ancestorTitles":["Ultra Fast 1ms Tests"],"duration":2,"failureDetails":[],"failureMessages":[],"fullName":"Ultra Fast 1ms Tests lightning test 2","invocations":1,"location":{"column":3,"line":7},"numPassingAsserts":1,"retryReasons":[],"status":"passed","title":"lightning test 2"},{"ancestorTitles":["Ultra Fast 1ms Tests"],"duration":1,"failureDetails":[],"failureMessages":[],"fullName":"Ultra Fast 1ms Tests lightning test 3","invocations":1,"location":{"column":3,"line":12},"numPassingAsserts":1,"retryReasons":[],"status":"passed","title":"lightning test 3"},{"ancestorTitles":["Ultra Fast 1ms Tests"],"duration":1,"failureDetails":[],"failureMessages":[],"fullName":"Ultra Fast 1ms Tests lightning test 4","invocations":1,"location":{"column":3,"line":17},"numPassingAsserts":1,"retryReasons":[],"status":"passed","title":"lightning test 4"}],"endTime":1752952482605,"message":"","name":"/Users/minjunseong/Practice/IT-RWX/tests/test-1ms.test.js","startTime":1752952482583,"status":"passed","summary":""},{"assertionResults":[{"ancestorTitles":["Medium 300ms Tests"],"duration":76,"failureDetails":[],"failureMessages":[],"fullName":"Medium 300ms Tests medium-fast test 1","invocations":1,"location":{"column":3,"line":2},"numPassingAsserts":1,"retryReasons":[],"status":"passed","title":"medium-fast test 1"},{"ancestorTitles":["Medium 300ms Tests"],"duration":76,"failureDetails":[],"failureMessages":[],"fullName":"Medium 300ms Tests medium-fast test 2","invocations":1,"location":{"column":3,"line":7},"numPassingAsserts":1,"retryReasons":[],"status":"passed","title":"medium-fast test 2"},{"ancestorTitles":["Medium 300ms Tests"],"duration":76,"failureDetails":[],"failureMessages":[],"fullName":"Medium 300ms Tests medium-fast test 3","invocations":1,"location":{"column":3,"line":12},"numPassingAsserts":1,"retryReasons":[],"status":"passed","title":"medium-fast test 3"},{"ancestorTitles":["Medium 300ms Tests"],"duration":77,"failureDetails":[],"failureMessages":[],"fullName":"Medium 300ms Tests medium-fast test 4","invocations":1,"location":{"column":3,"line":17},"numPassingAsserts":1,"retryReasons":[],"status":"passed","title":"medium-fast test 4"}],"endTime":1752952482712,"message":"","name":"/Users/minjunseong/Practice/IT-RWX/tests/test-300ms.test.js","startTime":1752952482375,"status":"passed","summary":""},{"assertionResults":[{"ancestorTitles":["Ultra Slow 3000ms Tests"],"duration":754,"failureDetails":[],"failureMessages":[],"fullName":"Ultra Slow 3000ms Tests ultra slow test 1","invocations":1,"location":{"column":3,"line":2},"numPassingAsserts":1,"retryReasons":[],"status":"passed","title":"ultra slow test 1"},{"ancestorTitles":["Ultra Slow 3000ms Tests"],"duration":752,"failureDetails":[],"failureMessages":[],"fullName":"Ultra Slow 3000ms Tests ultra slow test 2","invocations":1,"location":{"column":3,"line":7},"numPassingAsserts":1,"retryReasons":[],"status":"passed","title":"ultra slow test 2"},{"ancestorTitles":["Ultra Slow 3000ms Tests"],"duration":752,"failureDetails":[],"failureMessages":[],"fullName":"Ultra Slow 3000ms Tests ultra slow test 3","invocations":1,"location":{"column":3,"line":12},"numPassingAsserts":1,"retryReasons":[],"status":"passed","title":"ultra slow test 3"},{"ancestorTitles":["Ultra Slow 3000ms Tests"],"duration":752,"failureDetails":[],"failureMessages":[],"fullName":"Ultra Slow 3000ms Tests ultra slow test 4","invocations":1,"location":{"column":3,"line":17},"numPassingAsserts":1,"retryReasons":[],"status":"passed","title":"ultra slow test 4"}],"endTime":1752952482870,"message":"","name":"/Users/minjunseong/Practice/IT-RWX/tests/test-3000ms.test.js","startTime":1752952479446,"status":"passed","summary":""},{"assertionResults":[{"ancestorTitles":["Super Slow 3500ms Tests"],"duration":878,"failureDetails":[],"failureMessages":[],"fullName":"Super Slow 3500ms Tests super slow test 1","invocations":1,"location":{"column":3,"line":2},"numPassingAsserts":1,"retryReasons":[],"status":"passed","title":"super slow test 1"},{"ancestorTitles":["Super Slow 3500ms Tests"],"duration":877,"failureDetails":[],"failureMessages":[],"fullName":"Super Slow 3500ms Tests super slow test 2","invocations":1,"location":{"column":3,"line":7},"numPassingAsserts":1,"retryReasons":[],"status":"passed","title":"super slow test 2"},{"ancestorTitles":["Super Slow 3500ms Tests"],"duration":877,"failureDetails":[],"failureMessages":[],"fullName":"Super Slow 3500ms Tests super slow test 3","invocations":1,"location":{"column":3,"line":12},"numPassingAsserts":1,"retryReasons":[],"status":"passed","title":"super slow test 3"},{"ancestorTitles":["Super Slow 3500ms Tests"],"duration":878,"failureDetails":[],"failureMessages":[],"fullName":"Super Slow 3500ms Tests super slow test 4","invocations":1,"location":{"column":3,"line":17},"numPassingAsserts":1,"retryReasons":[],"status":"passed","title":"super slow test 4"}],"endTime":1752952483368,"message":"","name":"/Users/minjunseong/Practice/IT-RWX/tests/test-3500ms.test.js","startTime":1752952479446,"status":"passed","summary":""},{"assertionResults":[{"ancestorTitles":["Mega Slow 4000ms Tests"],"duration":1005,"failureDetails":[],"failureMessages":[],"fullName":"Mega Slow 4000ms Tests mega slow test 1","invocations":1,"location":{"column":3,"line":2},"numPassingAsserts":1,"retryReasons":[],"status":"passed","title":"mega slow test 1"},{"ancestorTitles":["Mega Slow 4000ms Tests"],"duration":1001,"failureDetails":[],"failureMessages":[],"fullName":"Mega Slow 4000ms Tests mega slow test 2","invocations":1,"location":{"column":3,"line":7},"numPassingAsserts":1,"retryReasons":[],"status":"passed","title":"mega slow test 2"},{"ancestorTitles":["Mega Slow 4000ms Tests"],"duration":1001,"failureDetails":[],"failureMessages":[],"fullName":"Mega Slow 4000ms Tests mega slow test 3","invocations":1,"location":{"column":3,"line":12},"numPassingAsserts":1,"retryReasons":[],"status":"passed","title":"mega slow test 3"},{"ancestorTitles":["Mega Slow 4000ms Tests"],"duration":1001,"failureDetails":[],"failureMessages":[],"fullName":"Mega Slow 4000ms Tests mega slow test 4","invocations":1,"location":{"column":3,"line":17},"numPassingAsserts":1,"retryReasons":[],"status":"passed","title":"mega slow test 4"}],"endTime":1752952483869,"message":"","name":"/Users/minjunseong/Practice/IT-RWX/tests/test-4000ms.test.js","startTime":1752952479446,"status":"passed","summary":""},{"assertionResults":[{"ancestorTitles":["Extreme Slow 4500ms Tests"],"duration":1133,"failureDetails":[],"failureMessages":[],"fullName":"Extreme Slow 4500ms Tests extreme slow test 1","invocations":1,"location":{"column":3,"line":2},"numPassingAsserts":1,"retryReasons":[],"status":"passed","title":"extreme slow test 1"},{"ancestorTitles":["Extreme Slow 4500ms Tests"],"duration":1126,"failureDetails":[],"failureMessages":[],"fullName":"Extreme Slow 4500ms Tests extreme slow test 2","invocations":1,"location":{"column":3,"line":7},"numPassingAsserts":1,"retryReasons":[],"status":"passed","title":"extreme slow test 2"},{"ancestorTitles":["Extreme Slow 4500ms Tests"],"duration":1129,"failureDetails":[],"failureMessages":[],"fullName":"Extreme Slow 4500ms Tests extreme slow test 3","invocations":1,"location":{"column":3,"line":12},"numPassingAsserts":1,"retryReasons":[],"status":"passed","title":"extreme slow test 3"},{"ancestorTitles":["Extreme Slow 4500ms Tests"],"duration":1127,"failureDetails":[],"failureMessages":[],"fullName":"Extreme Slow 4500ms Tests extreme slow test 4","invocations":1,"location":{"column":3,"line":17},"numPassingAsserts":1,"retryReasons":[],"status":"passed","title":"extreme slow test 4"}],"endTime":1752952484378,"message":"","name":"/Users/minjunseong/Practice/IT-RWX/tests/test-4500ms.test.js","startTime":1752952479446,"status":"passed","summary":""},{"assertionResults":[{"ancestorTitles":["Maximum Slow 5000ms Tests"],"duration":1256,"failureDetails":[],"failureMessages":[],"fullName":"Maximum Slow 5000ms Tests maximum slow test 1","invocations":1,"location":{"column":3,"line":2},"numPassingAsserts":1,"retryReasons":[],"status":"passed","title":"maximum slow test 1"},{"ancestorTitles":["Maximum Slow 5000ms Tests"],"duration":1251,"failureDetails":[],"failureMessages":[],"fullName":"Maximum Slow 5000ms Tests maximum slow test 2","invocations":1,"location":{"column":3,"line":7},"numPassingAsserts":1,"retryReasons":[],"status":"passed","title":"maximum slow test 2"},{"ancestorTitles":["Maximum Slow 5000ms Tests"],"duration":1252,"failureDetails":[],"failureMessages":[],"fullName":"Maximum Slow 5000ms Tests maximum slow test 3","invocations":1,"location":{"column":3,"line":12},"numPassingAsserts":1,"retryReasons":[],"status":"passed","title":"maximum slow test 3"},{"ancestorTitles":["Maximum Slow 5000ms Tests"],"duration":1252,"failureDetails":[],"failureMessages":[],"fullName":"Maximum Slow 5000ms Tests maximum slow test 4","invocations":1,"location":{"column":3,"line":17},"numPassingAsserts":1,"retryReasons":[],"status":"passed","title":"maximum slow test 4"}],"endTime":1752952484871,"message":"","name":"/Users/minjunseong/Practice/IT-RWX/tests/test-5000ms.test.js","startTime":1752952479446,"status":"passed","summary":""},{"assertionResults":[{"ancestorTitles":["Very Slow 8000ms Tests"],"duration":2006,"failureDetails":[],"failureMessages":[],"fullName":"Very Slow 8000ms Tests marathon test 1","invocations":1,"location":{"column":3,"line":2},"numPassingAsserts":1,"retryReasons":[],"status":"passed","title":"marathon test 1"},{"ancestorTitles":["Very Slow 8000ms Tests"],"duration":2002,"failureDetails":[],"failureMessages":[],"fullName":"Very Slow 8000ms Tests marathon test 2","invocations":1,"location":{"column":3,"line":7},"numPassingAsserts":1,"retryReasons":[],"status":"passed","title":"marathon test 2"},{"ancestorTitles":["Very Slow 8000ms Tests"],"duration":2002,"failureDetails":[],"failureMessages":[],"fullName":"Very Slow 8000ms Tests marathon test 3","invocations":1,"location":{"column":3,"line":12},"numPassingAsserts":1,"retryReasons":[],"status":"passed","title":"marathon test 3"},{"ancestorTitles":["Very Slow 8000ms Tests"],"duration":2001,"failureDetails":[],"failureMessages":[],"fullName":"Very Slow 8000ms Tests marathon test 4","invocations":1,"location":{"column":3,"line":17},"numPassingAsserts":1,"retryReasons":[],"status":"passed","title":"marathon test 4"}],"endTime":1752952487873,"message":"","name":"/Users/minjunseong/Practice/IT-RWX/tests/test-8000ms.test.js","startTime":1752952479447,"status":"passed","summary":""},{"assertionResults":[{"ancestorTitles":["Extremely Slow 12000ms Tests"],"duration":3004,"failureDetails":[],"failureMessages":[],"fullName":"Extremely Slow 12000ms Tests ultra marathon test 1","invocations":1,"location":{"column":3,"line":2},"numPassingAsserts":1,"retryReasons":[],"status":"passed","title":"ultra marathon test 1"},{"ancestorTitles":["Extremely Slow 12000ms Tests"],"duration":3001,"failureDetails":[],"failureMessages":[],"fullName":"Extremely Slow 12000ms Tests ultra marathon test 2","invocations":1,"location":{"column":3,"line":7},"numPassingAsserts":1,"retryReasons":[],"status":"passed","title":"ultra marathon test 2"},{"ancestorTitles":["Extremely Slow 12000ms Tests"],"duration":3002,"failureDetails":[],"failureMessages":[],"fullName":"Extremely Slow 12000ms Tests ultra marathon test 3","invocations":1,"location":{"column":3,"line":12},"numPassingAsserts":1,"retryReasons":[],"status":"passed","title":"ultra marathon test 3"},{"ancestorTitles":["Extremely Slow 12000ms Tests"],"duration":3003,"failureDetails":[],"failureMessages":[],"fullName":"Extremely Slow 12000ms Tests ultra marathon test 4","invocations":1,"location":{"column":3,"line":17},"numPassingAsserts":1,"retryReasons":[],"status":"passed","title":"ultra marathon test 4"}],"endTime":1752952491871,"message":"","name":"/Users/minjunseong/Practice/IT-RWX/tests/test-12000ms.test.js","startTime":1752952479446,"status":"passed","summary":""},{"assertionResults":[{"ancestorTitles":["Glacially Slow 15000ms Tests"],"duration":3757,"failureDetails":[],"failureMessages":[],"fullName":"Glacially Slow 15000ms Tests glacial test 1 - epic journey","invocations":1,"location":{"column":3,"line":2},"numPassingAsserts":1,"retryReasons":[],"status":"passed","title":"glacial test 1 - epic journey"},{"ancestorTitles":["Glacially Slow 15000ms Tests"],"duration":3752,"failureDetails":[],"failureMessages":[],"fullName":"Glacially Slow 15000ms Tests glacial test 2 - patience required","invocations":1,"location":{"column":3,"line":7},"numPassingAsserts":1,"retryReasons":[],"status":"passed","title":"glacial test 2 - patience required"},{"ancestorTitles":["Glacially Slow 15000ms Tests"],"duration":3756,"failureDetails":[],"failureMessages":[],"fullName":"Glacially Slow 15000ms Tests glacial test 3 - worth the wait","invocations":1,"location":{"column":3,"line":12},"numPassingAsserts":1,"retryReasons":[],"status":"passed","title":"glacial test 3 - worth the wait"},{"ancestorTitles":["Glacially Slow 15000ms Tests"],"duration":3752,"failureDetails":[],"failureMessages":[],"fullName":"Glacially Slow 15000ms Tests glacial test 4 - final countdown","invocations":1,"location":{"column":3,"line":17},"numPassingAsserts":1,"retryReasons":[],"status":"passed","title":"glacial test 4 - final countdown"}],"endTime":1752952494879,"message":"","name":"/Users/minjunseong/Practice/IT-RWX/tests/test-15000ms.test.js","startTime":1752952479446,"status":"passed","summary":""}],"wasInterrupted":false}
